1 4340 98
2 1652 96
3 2176 90
4 3975 89
5 2226 87
5 7211 87
7 1221 84
8 4965 82
8 5144 82
10 2068 77
11 3538 76
12 1475 73
13 8099 70
14 6305 69
15 3957 66
16 2466 65
16 6168 65
18 2167 64
18 9891 64
20 2894 60
21 6277 58
22 3356 56
23 4887 55
24 5804 47
25 7805 45
26 8008 42
27 9206 41
28 7056 39
29 3251 38
30 2268 36
31 2592 32
32 4925 27
33 1489 22
33 4812 22
35 4584 20
36 5916 19
37 1407 18
38 5245 16
39 4865 15
39 5759 15
41 2426 13
42 1234 12
43 3279 10
44 3262 8
45 4345 7
46 9005 6
47 4910 4
48 8410 3
49 6767 2
50 4169 0
